INFO: [VRFC 10-163] Analyzing VHDL file "C:/Users/lucap/Desktop/UART 2.0/UART 2.0.srcs/sources_1/new/CU_A.vhd" into library xil_defaultlib
INFO: [VRFC 10-3107] analyzing entity 'CU_A'
INFO: [VRFC 10-163] Analyzing VHDL file "C:/Users/lucap/Desktop/UART 2.0/UART 2.0.srcs/sources_1/new/CU_B.vhd" into library xil_defaultlib
INFO: [VRFC 10-3107] analyzing entity 'CU_B'
INFO: [VRFC 10-163] Analyzing VHDL file "C:/Users/lucap/Desktop/UART 2.0/UART 2.0.srcs/sources_1/imports/asdi/Elaborato_Finale/6_SistemaPO_PC/6_SistemaPO_PC.srcs/sources_1/imports/new/counter_mod8.vhd" into library xil_defaultlib
INFO: [VRFC 10-3107] analyzing entity 'counter_mod8'
INFO: [VRFC 10-163] Analyzing VHDL file "C:/Users/lucap/Desktop/UART 2.0/UART 2.0.srcs/sources_1/imports/asdi/Elaborato_Finale/6_SistemaPO_PC/6_SistemaPO_PC.srcs/sources_1/imports/new/rom.vhd" into library xil_defaultlib
INFO: [VRFC 10-3107] analyzing entity 'rom'
INFO: [VRFC 10-163] Analyzing VHDL file "C:/Users/lucap/Desktop/UART 2.0/UART 2.0.srcs/sources_1/imports/Users/vince/Desktop/Magistrale/Primo Anno/Primo Semestre/Architettura dei Sistemi Digitali/Slide Nuove/interfaccia seriale/RS232RefComp.vhd" into library xil_defaultlib
INFO: [VRFC 10-3107] analyzing entity 'Rs232RefComp'
INFO: [VRFC 10-163] Analyzing VHDL file "C:/Users/lucap/Desktop/UART 2.0/UART 2.0.srcs/sources_1/new/Unita_A.vhd" into library xil_defaultlib
INFO: [VRFC 10-3107] analyzing entity 'Unita_A'
INFO: [VRFC 10-163] Analyzing VHDL file "C:/Users/lucap/Desktop/UART 2.0/UART 2.0.srcs/sources_1/imports/asdi/Elaborato_Finale/6_SistemaPO_PC/6_SistemaPO_PC.srcs/sources_1/imports/new/mem.vhd" into library xil_defaultlib
INFO: [VRFC 10-3107] analyzing entity 'mem'
INFO: [VRFC 10-163] Analyzing VHDL file "C:/Users/lucap/Desktop/UART 2.0/UART 2.0.srcs/sources_1/new/Unita_B.vhd" into library xil_defaultlib
INFO: [VRFC 10-3107] analyzing entity 'Unita_B'
INFO: [VRFC 10-163] Analyzing VHDL file "C:/Users/lucap/Desktop/UART 2.0/UART 2.0.srcs/sources_1/new/Comunicazione_Seriale.vhd" into library xil_defaultlib
INFO: [VRFC 10-3107] analyzing entity 'Comunicazione_Seriale'
INFO: [VRFC 10-163] Analyzing VHDL file "C:/Users/lucap/Desktop/UART 2.0/UART 2.0.srcs/sim_1/new/Comunicazione_TB.vhd" into library xil_defaultlib
INFO: [VRFC 10-3107] analyzing entity 'Comunicazione_Seriale_TB'
