INFO: [VRFC 10-163] Analyzing VHDL file "C:/asdi/Elaborato_Finale/7_Booth_Balass/7_Booth_Balass.srcs/sources_1/imports/new/ButtonDebouncer.vhd" into library xil_defaultlib
INFO: [VRFC 10-3107] analyzing entity 'ButtonDebouncer'
INFO: [VRFC 10-163] Analyzing VHDL file "C:/asdi/Elaborato_Finale/7_Booth_Balass/7_Booth_Balass.srcs/sources_1/new/adder_sub.vhd" into library xil_defaultlib
INFO: [VRFC 10-3107] analyzing entity 'adder_sub'
INFO: [VRFC 10-163] Analyzing VHDL file "C:/asdi/Elaborato_Finale/7_Booth_Balass/7_Booth_Balass.srcs/sources_1/new/cont_mod8.vhd" into library xil_defaultlib
INFO: [VRFC 10-3107] analyzing entity 'cont_mod8'
INFO: [VRFC 10-163] Analyzing VHDL file "C:/asdi/Elaborato_Finale/7_Booth_Balass/7_Booth_Balass.srcs/sources_1/new/full_adder.vhd" into library xil_defaultlib
INFO: [VRFC 10-3107] analyzing entity 'full_adder'
INFO: [VRFC 10-163] Analyzing VHDL file "C:/asdi/Elaborato_Finale/7_Booth_Balass/7_Booth_Balass.srcs/sources_1/new/molt_booth.vhd" into library xil_defaultlib
INFO: [VRFC 10-3107] analyzing entity 'molt_booth'
INFO: [VRFC 10-163] Analyzing VHDL file "C:/asdi/Elaborato_Finale/7_Booth_Balass/7_Booth_Balass.srcs/sources_1/new/registro_M.vhd" into library xil_defaultlib
INFO: [VRFC 10-3107] analyzing entity 'registro_M'
INFO: [VRFC 10-163] Analyzing VHDL file "C:/asdi/Elaborato_Finale/7_Booth_Balass/7_Booth_Balass.srcs/sources_1/new/ripple_carry.vhd" into library xil_defaultlib
INFO: [VRFC 10-3107] analyzing entity 'ripple_carry'
INFO: [VRFC 10-163] Analyzing VHDL file "C:/asdi/Elaborato_Finale/7_Booth_Balass/7_Booth_Balass.srcs/sources_1/new/shift_register.vhd" into library xil_defaultlib
INFO: [VRFC 10-3107] analyzing entity 'shift_register'
INFO: [VRFC 10-163] Analyzing VHDL file "C:/asdi/Elaborato_Finale/7_Booth_Balass/7_Booth_Balass.srcs/sources_1/new/unita_controllo.vhd" into library xil_defaultlib
INFO: [VRFC 10-3107] analyzing entity 'unita_controllo'
INFO: [VRFC 10-163] Analyzing VHDL file "C:/asdi/Elaborato_Finale/7_Booth_Balass/7_Booth_Balass.srcs/sources_1/new/unita_operativa.vhd" into library xil_defaultlib
INFO: [VRFC 10-3107] analyzing entity 'unita_operativa'
INFO: [VRFC 10-163] Analyzing VHDL file "C:/asdi/Elaborato_Finale/7_Booth_Balass/7_Booth_Balass.srcs/sim_1/new/booth_tb.vhd" into library xil_defaultlib
INFO: [VRFC 10-3107] analyzing entity 'booth_tb'
