Vivado Simulator v2022.2
Copyright 1986-1999, 2001-2022 Xilinx, Inc. All Rights Reserved.
Running: C:/Xilinx/Vivado/2022.2/bin/unwrapped/win64.o/xelab.exe --incr --debug typical --relax --mt 2 -L xil_defaultlib -L secureip --snapshot sistemaPO_PC_tb_behav xil_defaultlib.sistemaPO_PC_tb -log elaborate.log 
Using 2 slave threads.
Starting static elaboration
Completed static elaboration
Starting simulation data flow analysis
Completed simulation data flow analysis
Time Resolution for simulation is 1ps
Compiling package std.standard
Compiling package std.textio
Compiling package ieee.std_logic_1164
Compiling package ieee.std_logic_arith
Compiling package ieee.std_logic_unsigned
Compiling package ieee.numeric_std
Compiling architecture behavioral of entity xil_defaultlib.CU [cu_default]
Compiling architecture behavioral of entity xil_defaultlib.counter_mod8 [counter_mod8_default]
Compiling architecture behavioral of entity xil_defaultlib.rom [rom_default]
Compiling architecture dataflow of entity xil_defaultlib.macchinaM [macchinam_default]
Compiling architecture behavioral of entity xil_defaultlib.mem [mem_default]
Compiling architecture structural of entity xil_defaultlib.sistemaPO_PC [sistemapo_pc_default]
Compiling architecture behavior of entity xil_defaultlib.sistemapo_pc_tb
Built simulation snapshot sistemaPO_PC_tb_behav
