Copyright 1986-2022 Xilinx, Inc. All Rights Reserved.
--------------------------------------------------------------------------------------------
| Tool Version : Vivado v.2022.2 (win64) Build 3671981 Fri Oct 14 05:00:03 MDT 2022
| Date         : Mon Feb 12 13:05:25 2024
| Host         : LAPTOP-FAPVF9RS running 64-bit major release  (build 9200)
| Command      : report_control_sets -verbose -file Sistema_onBoard_control_sets_placed.rpt
| Design       : Sistema_onBoard
| Device       : xc7a50ti
--------------------------------------------------------------------------------------------

Control Set Information

Table of Contents
-----------------
1. Summary
2. Histogram
3. Flip-Flop Distribution
4. Detailed Control Set Information

1. Summary
----------

+----------------------------------------------------------+-------+
|                          Status                          | Count |
+----------------------------------------------------------+-------+
| Total control sets                                       |     5 |
|    Minimum number of control sets                        |     5 |
|    Addition due to synthesis replication                 |     0 |
|    Addition due to physical synthesis replication        |     0 |
| Unused register locations in slices containing registers |    14 |
+----------------------------------------------------------+-------+
* Control sets can be merged at opt_design using control_set_merge or merge_equivalent_drivers
** Run report_qor_suggestions for automated merging and remapping suggestions


2. Histogram
------------

+--------------------+-------+
|       Fanout       | Count |
+--------------------+-------+
| Total control sets |     5 |
| >= 0 to < 4        |     1 |
| >= 4 to < 6        |     1 |
| >= 6 to < 8        |     1 |
| >= 8 to < 10       |     0 |
| >= 10 to < 12      |     1 |
| >= 12 to < 14      |     0 |
| >= 14 to < 16      |     0 |
| >= 16              |     1 |
+--------------------+-------+
* Control sets can be remapped at either synth_design or opt_design


3. Flip-Flop Distribution
-------------------------

+--------------+-----------------------+------------------------+-----------------+--------------+
| Clock Enable | Synchronous Set/Reset | Asynchronous Set/Reset | Total Registers | Total Slices |
+--------------+-----------------------+------------------------+-----------------+--------------+
| No           | No                    | No                     |              12 |            5 |
| No           | No                    | Yes                    |               0 |            0 |
| No           | Yes                   | No                     |               7 |            2 |
| Yes          | No                    | No                     |               0 |            0 |
| Yes          | No                    | Yes                    |               0 |            0 |
| Yes          | Yes                   | No                     |              31 |            8 |
+--------------+-----------------------+------------------------+-----------------+--------------+


4. Detailed Control Set Information
-----------------------------------

+---------------------------+-----------------------------+-----------------------------+------------------+----------------+--------------+
|        Clock Signal       |        Enable Signal        |       Set/Reset Signal      | Slice Load Count | Bel Load Count | Bels / Slice |
+---------------------------+-----------------------------+-----------------------------+------------------+----------------+--------------+
|  sys/unita_controllo/Q[2] |                             |                             |                1 |              1 |         1.00 |
|  clock_IBUF_BUFG          | sys/unita_controllo/Q[1]    |                             |                1 |              4 |         4.00 |
|  clock_IBUF_BUFG          |                             | reset_IBUF                  |                2 |              7 |         3.50 |
|  clock_IBUF_BUFG          |                             |                             |                4 |             11 |         2.75 |
|  clock_IBUF_BUFG          | deb_s/deb.count[31]_i_2_n_0 | deb_s/deb.count[31]_i_1_n_0 |                8 |             31 |         3.88 |
+---------------------------+-----------------------------+-----------------------------+------------------+----------------+--------------+


