Copyright 1986-2022 Xilinx, Inc. All Rights Reserved.
--------------------------------------------------------------------------------------------------
| Tool Version : Vivado v.2022.2 (win64) Build 3671981 Fri Oct 14 05:00:03 MDT 2022
| Date         : Thu Feb  1 18:23:38 2024
| Host         : LAPTOP-FAPVF9RS running 64-bit major release  (build 9200)
| Command      : report_control_sets -verbose -file Riconoscitore_onBoard_control_sets_placed.rpt
| Design       : Riconoscitore_onBoard
| Device       : xc7a50ti
--------------------------------------------------------------------------------------------------

Control Set Information

Table of Contents
-----------------
1. Summary
2. Histogram
3. Flip-Flop Distribution
4. Detailed Control Set Information

1. Summary
----------

+----------------------------------------------------------+-------+
|                          Status                          | Count |
+----------------------------------------------------------+-------+
| Total control sets                                       |     5 |
|    Minimum number of control sets                        |     5 |
|    Addition due to synthesis replication                 |     0 |
|    Addition due to physical synthesis replication        |     0 |
| Unused register locations in slices containing registers |    15 |
+----------------------------------------------------------+-------+
* Control sets can be merged at opt_design using control_set_merge or merge_equivalent_drivers
** Run report_qor_suggestions for automated merging and remapping suggestions


2. Histogram
------------

+--------------------+-------+
|       Fanout       | Count |
+--------------------+-------+
| Total control sets |     5 |
| >= 0 to < 4        |     1 |
| >= 4 to < 6        |     0 |
| >= 6 to < 8        |     1 |
| >= 8 to < 10       |     0 |
| >= 10 to < 12      |     1 |
| >= 12 to < 14      |     0 |
| >= 14 to < 16      |     0 |
| >= 16              |     2 |
+--------------------+-------+
* Control sets can be remapped at either synth_design or opt_design


3. Flip-Flop Distribution
-------------------------

+--------------+-----------------------+------------------------+-----------------+--------------+
| Clock Enable | Synchronous Set/Reset | Asynchronous Set/Reset | Total Registers | Total Slices |
+--------------+-----------------------+------------------------+-----------------+--------------+
| No           | No                    | No                     |               2 |            2 |
| No           | No                    | Yes                    |               0 |            0 |
| No           | Yes                   | No                     |               6 |            3 |
| Yes          | No                    | No                     |               0 |            0 |
| Yes          | No                    | Yes                    |               0 |            0 |
| Yes          | Yes                   | No                     |              73 |           19 |
+--------------+-----------------------+------------------------+-----------------+--------------+


4. Detailed Control Set Information
-----------------------------------

+----------------+--------------------------------+--------------------------------+------------------+----------------+--------------+
|  Clock Signal  |          Enable Signal         |        Set/Reset Signal        | Slice Load Count | Bel Load Count | Bels / Slice |
+----------------+--------------------------------+--------------------------------+------------------+----------------+--------------+
|  CLK_IBUF_BUFG |                                |                                |                2 |              2 |         1.00 |
|  CLK_IBUF_BUFG |                                | RST_IBUF                       |                3 |              6 |         2.00 |
|  CLK_IBUF_BUFG | deb_m/E[0]                     | RST_IBUF                       |                3 |             11 |         3.67 |
|  CLK_IBUF_BUFG | deb_i/deb.count[31]_i_2_n_0    | deb_i/deb.count[31]_i_1_n_0    |                8 |             31 |         3.88 |
|  CLK_IBUF_BUFG | deb_m/deb.count[31]_i_2__0_n_0 | deb_m/deb.count[31]_i_1__0_n_0 |                8 |             31 |         3.88 |
+----------------+--------------------------------+--------------------------------+------------------+----------------+--------------+


